<?xml version="1.0" encoding="UTF-8"?>
<testng-results ignored="0" total="1" passed="1" failed="0" skipped="0">
  <reporter-output>
  </reporter-output>
  <suite started-at="2023-01-09T08:18:36 CET" name="Test" finished-at="2023-01-09T08:19:47 CET" duration-ms="71110">
    <groups>
    </groups>
    <test started-at="2023-01-09T08:18:36 CET" name="Command line test" finished-at="2023-01-09T08:19:47 CET" duration-ms="71110">
      <class name="Test">
        <test-method signature="API()[pri:0, instance:Test@45b4c3a9]" started-at="2023-01-09T08:18:36 CET" name="API" finished-at="2023-01-09T08:19:47 CET" duration-ms="70918" status="PASS">
          <reporter-output>
          </reporter-output>
        </test-method> <!-- API -->
      </class> <!-- Test -->
    </test> <!-- Command line test -->
  </suite> <!-- Test -->
</testng-results>
