<?xml version="1.0" encoding="UTF-8"?>
<testng-results ignored="0" total="1" passed="1" failed="0" skipped="0">
  <reporter-output>
  </reporter-output>
  <suite started-at="2023-01-02T16:39:08 CET" name="Test" finished-at="2023-01-02T16:41:10 CET" duration-ms="122174">
    <groups>
    </groups>
    <test started-at="2023-01-02T16:39:08 CET" name="Command line test" finished-at="2023-01-02T16:41:10 CET" duration-ms="122174">
      <class name="Test">
        <test-method signature="API()[pri:0, instance:Test@445b295b]" started-at="2023-01-02T16:39:08 CET" name="API" finished-at="2023-01-02T16:41:10 CET" duration-ms="121954" status="PASS">
          <reporter-output>
          </reporter-output>
        </test-method> <!-- API -->
      </class> <!-- Test -->
    </test> <!-- Command line test -->
  </suite> <!-- Test -->
</testng-results>
